android/app/build/intermediates/manifest_merge_blame_file/debug/manifest-merger-blame-debug-report.txt
1<?xml version="1.0" encoding="utf-8"?>
2<manifest xmlns:android="http://schemas.android.com/apk/res/android"
3    package="com.pushnotifyone"
4    android:versionCode="1"
5    android:versionName="1.0" >
6
7    <uses-sdk
8        android:minSdkVersion="21"
9        android:targetSdkVersion="29" />
10
11    <uses-permission android:name="android.permission.SYSTEM_ALERT_WINDOW" />
11-->src/debug/AndroidManifest.xml:5:5-77
11-->src/debug/AndroidManifest.xml:5:22-75
12    <uses-permission android:name="android.permission.INTERNET" />
12-->src/main/AndroidManifest.xml:4:5-67
12-->src/main/AndroidManifest.xml:4:22-64
13    <uses-permission android:name="android.permission.ACCESS_WIFI_STATE" />
13-->[com.facebook.flipper:flipper:0.75.1] AndroidManifest.xml:16:5-76
13-->[com.facebook.flipper:flipper:0.75.1] AndroidManifest.xml:16:22-73
14    <uses-permission android:name="android.permission.WAKE_LOCK" />
14-->[:react-native-firebase_messaging] AndroidManifest.xml:12:5-68
14-->[:react-native-firebase_messaging] AndroidManifest.xml:12:22-65
15    <uses-permission android:name="android.permission.ACCESS_NETWORK_STATE" /> <!-- Required by older versions of Google Play services to create IID tokens -->
15-->[:react-native-firebase_messaging] AndroidManifest.xml:13:5-79
15-->[:react-native-firebase_messaging] AndroidManifest.xml:13:22-76
16    <uses-permission android:name="com.google.android.c2dm.permission.RECEIVE" />
16-->[com.google.firebase:firebase-messaging:22.0.0] AndroidManifest.xml:25:5-82
16-->[com.google.firebase:firebase-messaging:22.0.0] AndroidManifest.xml:25:22-79
17    <uses-permission android:name="com.google.android.finsky.permission.BIND_GET_INSTALL_REFERRER_SERVICE" /> <!-- for android -->
17-->[com.google.android.gms:play-services-measurement:19.0.0] AndroidManifest.xml:26:5-110
17-->[com.google.android.gms:play-services-measurement:19.0.0] AndroidManifest.xml:26:22-107
18    <!-- <uses-permission android:name="com.android.launcher.permission.READ_SETTINGS"/> -->
19    <!-- <uses-permission android:name="com.android.launcher.permission.WRITE_SETTINGS"/> -->
20    <!-- <uses-permission android:name="com.android.launcher.permission.INSTALL_SHORTCUT" /> -->
21    <!-- <uses-permission android:name="com.android.launcher.permission.UNINSTALL_SHORTCUT" /> -->
22    <!-- for Samsung -->
23    <uses-permission android:name="com.sec.android.provider.badge.permission.READ" />
23-->[me.leolin:ShortcutBadger:1.1.22] AndroidManifest.xml:19:5-86
23-->[me.leolin:ShortcutBadger:1.1.22] AndroidManifest.xml:19:22-83
24    <uses-permission android:name="com.sec.android.provider.badge.permission.WRITE" /> <!-- for htc -->
24-->[me.leolin:ShortcutBadger:1.1.22] AndroidManifest.xml:20:5-87
24-->[me.leolin:ShortcutBadger:1.1.22] AndroidManifest.xml:20:22-84
25    <uses-permission android:name="com.htc.launcher.permission.READ_SETTINGS" />
25-->[me.leolin:ShortcutBadger:1.1.22] AndroidManifest.xml:23:5-81
25-->[me.leolin:ShortcutBadger:1.1.22] AndroidManifest.xml:23:22-78
26    <uses-permission android:name="com.htc.launcher.permission.UPDATE_SHORTCUT" /> <!-- for sony -->
26-->[me.leolin:ShortcutBadger:1.1.22] AndroidManifest.xml:24:5-83
26-->[me.leolin:ShortcutBadger:1.1.22] AndroidManifest.xml:24:22-80
27    <uses-permission android:name="com.sonyericsson.home.permission.BROADCAST_BADGE" />
27-->[me.leolin:ShortcutBadger:1.1.22] AndroidManifest.xml:27:5-88
27-->[me.leolin:ShortcutBadger:1.1.22] AndroidManifest.xml:27:22-85
28    <uses-permission android:name="com.sonymobile.home.permission.PROVIDER_INSERT_BADGE" /> <!-- for apex -->
28-->[me.leolin:ShortcutBadger:1.1.22] AndroidManifest.xml:28:5-92
28-->[me.leolin:ShortcutBadger:1.1.22] AndroidManifest.xml:28:22-89
29    <uses-permission android:name="com.anddoes.launcher.permission.UPDATE_COUNT" /> <!-- for solid -->
29-->[me.leolin:ShortcutBadger:1.1.22] AndroidManifest.xml:31:5-84
29-->[me.leolin:ShortcutBadger:1.1.22] AndroidManifest.xml:31:22-81
30    <uses-permission android:name="com.majeur.launcher.permission.UPDATE_BADGE" /> <!-- for huawei -->
30-->[me.leolin:ShortcutBadger:1.1.22] AndroidManifest.xml:34:5-83
30-->[me.leolin:ShortcutBadger:1.1.22] AndroidManifest.xml:34:22-80
31    <uses-permission android:name="com.huawei.android.launcher.permission.CHANGE_BADGE" />
31-->[me.leolin:ShortcutBadger:1.1.22] AndroidManifest.xml:37:5-91
31-->[me.leolin:ShortcutBadger:1.1.22] AndroidManifest.xml:37:22-88
32    <uses-permission android:name="com.huawei.android.launcher.permission.READ_SETTINGS" />
32-->[me.leolin:ShortcutBadger:1.1.22] AndroidManifest.xml:38:5-92
32-->[me.leolin:ShortcutBadger:1.1.22] AndroidManifest.xml:38:22-89
33    <uses-permission android:name="com.huawei.android.launcher.permission.WRITE_SETTINGS" /> <!-- for ZUK -->
33-->[me.leolin:ShortcutBadger:1.1.22] AndroidManifest.xml:39:5-93
33-->[me.leolin:ShortcutBadger:1.1.22] AndroidManifest.xml:39:22-90
34    <uses-permission android:name="android.permission.READ_APP_BADGE" /> <!-- for OPPO -->
34-->[me.leolin:ShortcutBadger:1.1.22] AndroidManifest.xml:42:5-73
34-->[me.leolin:ShortcutBadger:1.1.22] AndroidManifest.xml:42:22-70
35    <uses-permission android:name="com.oppo.launcher.permission.READ_SETTINGS" />
35-->[me.leolin:ShortcutBadger:1.1.22] AndroidManifest.xml:45:5-82
35-->[me.leolin:ShortcutBadger:1.1.22] AndroidManifest.xml:45:22-79
36    <uses-permission android:name="com.oppo.launcher.permission.WRITE_SETTINGS" /> <!-- for EvMe -->
36-->[me.leolin:ShortcutBadger:1.1.22] AndroidManifest.xml:46:5-83
36-->[me.leolin:ShortcutBadger:1.1.22] AndroidManifest.xml:46:22-80
37    <uses-permission android:name="me.everything.badger.permission.BADGE_COUNT_READ" />
37-->[me.leolin:ShortcutBadger:1.1.22] AndroidManifest.xml:49:5-88
37-->[me.leolin:ShortcutBadger:1.1.22] AndroidManifest.xml:49:22-85
38    <uses-permission android:name="me.everything.badger.permission.BADGE_COUNT_WRITE" />
38-->[me.leolin:ShortcutBadger:1.1.22] AndroidManifest.xml:50:5-89
38-->[me.leolin:ShortcutBadger:1.1.22] AndroidManifest.xml:50:22-86
39
40    <application
40-->src/main/AndroidManifest.xml:6:5-48:19
41        android:name="com.pushnotifyone.MainApplication"
41-->src/main/AndroidManifest.xml:7:7-38
42        android:allowBackup="false"
42-->src/main/AndroidManifest.xml:11:7-34
43        android:appComponentFactory="androidx.core.app.CoreComponentFactory"
43-->[androidx.core:core:1.1.0] AndroidManifest.xml:24:18-86
44        android:debuggable="true"
45        android:icon="@mipmap/ic_launcher"
45-->src/main/AndroidManifest.xml:9:7-41
46        android:label="@string/app_name"
46-->src/main/AndroidManifest.xml:8:7-39
47        android:roundIcon="@mipmap/ic_launcher_round"
47-->src/main/AndroidManifest.xml:10:7-52
48        android:theme="@style/AppTheme"
48-->src/main/AndroidManifest.xml:12:7-38
49        android:usesCleartextTraffic="true" >
49-->src/debug/AndroidManifest.xml:8:9-44
50        <activity android:name="com.facebook.react.devsupport.DevSettingsActivity" />
50-->src/debug/AndroidManifest.xml:11:9-86
50-->src/debug/AndroidManifest.xml:11:19-83
51        <activity
51-->src/main/AndroidManifest.xml:13:7-23:18
52            android:name="com.pushnotifyone.MainActivity"
52-->src/main/AndroidManifest.xml:14:9-37
53            android:configChanges="keyboard|keyboardHidden|orientation|screenSize|uiMode"
53-->src/main/AndroidManifest.xml:16:9-86
54            android:label="@string/app_name"
54-->src/main/AndroidManifest.xml:15:9-41
55            android:launchMode="singleTask"
55-->src/main/AndroidManifest.xml:17:9-40
56            android:windowSoftInputMode="adjustResize" >
56-->src/main/AndroidManifest.xml:18:9-51
57            <intent-filter>
57-->src/main/AndroidManifest.xml:19:9-22:25
58                <action android:name="android.intent.action.MAIN" />
58-->src/main/AndroidManifest.xml:20:13-65
58-->src/main/AndroidManifest.xml:20:21-62
59
60                <category android:name="android.intent.category.LAUNCHER" />
60-->src/main/AndroidManifest.xml:21:13-73
60-->src/main/AndroidManifest.xml:21:23-70
61            </intent-filter>
62        </activity>
63
64        <meta-data
64-->src/main/AndroidManifest.xml:25:7-26:44
65            android:name="com.dieam.reactnativepushnotification.notification_foreground"
65-->src/main/AndroidManifest.xml:25:19-95
66            android:value="false" /> <!-- Change the resource name to your App's accent color - or any other color you want -->
66-->src/main/AndroidManifest.xml:26:21-42
67        <meta-data
67-->src/main/AndroidManifest.xml:28:9-29:54
68            android:name="com.dieam.reactnativepushnotification.notification_color"
68-->src/main/AndroidManifest.xml:28:21-92
69            android:resource="@color/white" /> <!-- or @android:color/{name} to use a standard color -->
69-->src/main/AndroidManifest.xml:29:21-52
70        <receiver android:name="com.dieam.reactnativepushnotification.modules.RNPushNotificationActions" />
70-->src/main/AndroidManifest.xml:31:9-108
70-->src/main/AndroidManifest.xml:31:19-105
71        <receiver android:name="com.dieam.reactnativepushnotification.modules.RNPushNotificationPublisher" />
71-->src/main/AndroidManifest.xml:32:9-110
71-->src/main/AndroidManifest.xml:32:19-107
72        <receiver android:name="com.dieam.reactnativepushnotification.modules.RNPushNotificationBootEventReceiver" >
72-->src/main/AndroidManifest.xml:33:9-39:20
72-->src/main/AndroidManifest.xml:33:19-115
73            <intent-filter>
73-->src/main/AndroidManifest.xml:34:13-38:29
74                <action android:name="android.intent.action.BOOT_COMPLETED" />
74-->src/main/AndroidManifest.xml:35:17-79
74-->src/main/AndroidManifest.xml:35:25-76
75                <action android:name="android.intent.action.QUICKBOOT_POWERON" />
75-->src/main/AndroidManifest.xml:36:17-82
75-->src/main/AndroidManifest.xml:36:25-79
76                <action android:name="com.htc.intent.action.QUICKBOOT_POWERON" />
76-->src/main/AndroidManifest.xml:37:17-81
76-->src/main/AndroidManifest.xml:37:25-79
77            </intent-filter>
78        </receiver>
79
80        <service
80-->src/main/AndroidManifest.xml:41:9-47:19
81            android:name="com.dieam.reactnativepushnotification.modules.RNPushNotificationListenerService"
81-->src/main/AndroidManifest.xml:42:13-107
82            android:exported="false" >
82-->src/main/AndroidManifest.xml:43:13-37
83            <intent-filter>
83-->src/main/AndroidManifest.xml:44:13-46:29
84                <action android:name="com.google.firebase.MESSAGING_EVENT" />
84-->src/main/AndroidManifest.xml:45:17-78
84-->src/main/AndroidManifest.xml:45:25-75
85            </intent-filter>
86        </service>
87        <service android:name="io.invertase.firebase.messaging.ReactNativeFirebaseMessagingHeadlessService" />
87-->[:react-native-firebase_messaging] AndroidManifest.xml:16:9-111
87-->[:react-native-firebase_messaging] AndroidManifest.xml:16:18-108
88        <service
88-->[:react-native-firebase_messaging] AndroidManifest.xml:17:9-23:19
89            android:name="io.invertase.firebase.messaging.ReactNativeFirebaseMessagingService"
89-->[:react-native-firebase_messaging] AndroidManifest.xml:18:13-95
90            android:exported="false" >
90-->[:react-native-firebase_messaging] AndroidManifest.xml:19:13-37
91            <intent-filter>
91-->src/main/AndroidManifest.xml:44:13-46:29
92                <action android:name="com.google.firebase.MESSAGING_EVENT" />
92-->src/main/AndroidManifest.xml:45:17-78
92-->src/main/AndroidManifest.xml:45:25-75
93            </intent-filter>
94        </service>
95
96        <receiver
96-->[:react-native-firebase_messaging] AndroidManifest.xml:25:9-32:20
97            android:name="io.invertase.firebase.messaging.ReactNativeFirebaseMessagingReceiver"
97-->[:react-native-firebase_messaging] AndroidManifest.xml:26:13-96
98            android:exported="true"
98-->[:react-native-firebase_messaging] AndroidManifest.xml:27:13-36
99            android:permission="com.google.android.c2dm.permission.SEND" >
99-->[:react-native-firebase_messaging] AndroidManifest.xml:28:13-73
100            <intent-filter>
100-->[:react-native-firebase_messaging] AndroidManifest.xml:29:13-31:29
101                <action android:name="com.google.android.c2dm.intent.RECEIVE" />
101-->[:react-native-firebase_messaging] AndroidManifest.xml:30:17-81
101-->[:react-native-firebase_messaging] AndroidManifest.xml:30:25-78
102            </intent-filter>
103        </receiver>
104
105        <meta-data
105-->[:react-native-firebase_messaging] AndroidManifest.xml:34:9-36:36
106            android:name="firebase_messaging_auto_init_enabled"
106-->[:react-native-firebase_messaging] AndroidManifest.xml:35:13-64
107            android:value="true" />
107-->[:react-native-firebase_messaging] AndroidManifest.xml:36:13-33
108        <meta-data
108-->[:react-native-firebase_messaging] AndroidManifest.xml:37:9-39:32
109            android:name="com.google.firebase.messaging.default_notification_channel_id"
109-->[:react-native-firebase_messaging] AndroidManifest.xml:38:13-89
110            android:value="" />
110-->[:react-native-firebase_messaging] AndroidManifest.xml:39:13-29
111        <meta-data
111-->[:react-native-firebase_messaging] AndroidManifest.xml:40:9-42:47
112            android:name="com.google.firebase.messaging.default_notification_color"
112-->[:react-native-firebase_messaging] AndroidManifest.xml:41:13-84
113            android:resource="@color/white" />
113-->[:react-native-firebase_messaging] AndroidManifest.xml:42:13-44
114
115        <receiver
115-->[com.google.firebase:firebase-messaging:22.0.0] AndroidManifest.xml:28:9-35:20
116            android:name="com.google.firebase.iid.FirebaseInstanceIdReceiver"
116-->[com.google.firebase:firebase-messaging:22.0.0] AndroidManifest.xml:29:13-78
117            android:exported="true"
117-->[com.google.firebase:firebase-messaging:22.0.0] AndroidManifest.xml:30:13-36
118            android:permission="com.google.android.c2dm.permission.SEND" >
118-->[com.google.firebase:firebase-messaging:22.0.0] AndroidManifest.xml:31:13-73
119            <intent-filter>
119-->[:react-native-firebase_messaging] AndroidManifest.xml:29:13-31:29
120                <action android:name="com.google.android.c2dm.intent.RECEIVE" />
120-->[:react-native-firebase_messaging] AndroidManifest.xml:30:17-81
120-->[:react-native-firebase_messaging] AndroidManifest.xml:30:25-78
121            </intent-filter>
122        </receiver>
123        <!--
124             FirebaseMessagingService performs security checks at runtime,
125             but set to not exported to explicitly avoid allowing another app to call it.
126        -->
127        <service
127-->[com.google.firebase:firebase-messaging:22.0.0] AndroidManifest.xml:41:9-48:19
128            android:name="com.google.firebase.messaging.FirebaseMessagingService"
128-->[com.google.firebase:firebase-messaging:22.0.0] AndroidManifest.xml:42:13-82
129            android:directBootAware="true"
129-->[com.google.firebase:firebase-messaging:22.0.0] AndroidManifest.xml:43:13-43
130            android:exported="false" >
130-->[com.google.firebase:firebase-messaging:22.0.0] AndroidManifest.xml:44:13-37
131            <intent-filter android:priority="-500" >
131-->src/main/AndroidManifest.xml:44:13-46:29
132                <action android:name="com.google.firebase.MESSAGING_EVENT" />
132-->src/main/AndroidManifest.xml:45:17-78
132-->src/main/AndroidManifest.xml:45:25-75
133            </intent-filter>
134        </service>
135        <service
135-->[com.google.firebase:firebase-messaging:22.0.0] AndroidManifest.xml:49:9-55:19
136            android:name="com.google.firebase.components.ComponentDiscoveryService"
136-->[com.google.firebase:firebase-messaging:22.0.0] AndroidManifest.xml:50:13-84
137            android:directBootAware="true"
137-->[com.google.firebase:firebase-common:20.0.0] AndroidManifest.xml:35:13-43
138            android:exported="false" >
138-->[com.google.firebase:firebase-messaging:22.0.0] AndroidManifest.xml:51:13-37
139            <meta-data
139-->[com.google.firebase:firebase-messaging:22.0.0] AndroidManifest.xml:52:13-54:85
140                android:name="com.google.firebase.components:com.google.firebase.messaging.FirebaseMessagingRegistrar"
140-->[com.google.firebase:firebase-messaging:22.0.0] AndroidManifest.xml:53:17-119
141                android:value="com.google.firebase.components.ComponentRegistrar" />
141-->[com.google.firebase:firebase-messaging:22.0.0] AndroidManifest.xml:54:17-82
142            <meta-data
142-->[com.google.firebase:firebase-datatransport:18.0.0] AndroidManifest.xml:28:13-30:85
143                android:name="com.google.firebase.components:com.google.firebase.datatransport.TransportRegistrar"
143-->[com.google.firebase:firebase-datatransport:18.0.0] AndroidManifest.xml:29:17-115
144                android:value="com.google.firebase.components.ComponentRegistrar" />
144-->[com.google.firebase:firebase-datatransport:18.0.0] AndroidManifest.xml:30:17-82
145            <meta-data
145-->[com.google.android.gms:play-services-measurement-api:19.0.0] AndroidManifest.xml:30:13-32:85
146                android:name="com.google.firebase.components:com.google.firebase.analytics.connector.internal.AnalyticsConnectorRegistrar"
146-->[com.google.android.gms:play-services-measurement-api:19.0.0] AndroidManifest.xml:31:17-139
147                android:value="com.google.firebase.components.ComponentRegistrar" />
147-->[com.google.android.gms:play-services-measurement-api:19.0.0] AndroidManifest.xml:32:17-82
148            <meta-data
148-->[com.google.firebase:firebase-installations:17.0.0] AndroidManifest.xml:18:13-20:85
149                android:name="com.google.firebase.components:com.google.firebase.installations.FirebaseInstallationsRegistrar"
149-->[com.google.firebase:firebase-installations:17.0.0] AndroidManifest.xml:19:17-127
150                android:value="com.google.firebase.components.ComponentRegistrar" />
150-->[com.google.firebase:firebase-installations:17.0.0] AndroidManifest.xml:20:17-82
151        </service>
152        <service
152-->[com.google.android.datatransport:transport-backend-cct:3.0.0] AndroidManifest.xml:29:9-35:19
153            android:name="com.google.android.datatransport.runtime.backends.TransportBackendDiscovery"
153-->[com.google.android.datatransport:transport-backend-cct:3.0.0] AndroidManifest.xml:30:13-103
154            android:exported="false" >
154-->[com.google.android.datatransport:transport-backend-cct:3.0.0] AndroidManifest.xml:31:13-37
155            <meta-data
155-->[com.google.android.datatransport:transport-backend-cct:3.0.0] AndroidManifest.xml:32:13-34:39
156                android:name="backend:com.google.android.datatransport.cct.CctBackendFactory"
156-->[com.google.android.datatransport:transport-backend-cct:3.0.0] AndroidManifest.xml:33:17-94
157                android:value="cct" />
157-->[com.google.android.datatransport:transport-backend-cct:3.0.0] AndroidManifest.xml:34:17-36
158        </service>
159        <service
159-->[com.google.android.datatransport:transport-runtime:3.0.0] AndroidManifest.xml:26:9-30:19
160            android:name="com.google.android.datatransport.runtime.scheduling.jobscheduling.JobInfoSchedulerService"
160-->[com.google.android.datatransport:transport-runtime:3.0.0] AndroidManifest.xml:27:13-117
161            android:exported="false"
161-->[com.google.android.datatransport:transport-runtime:3.0.0] AndroidManifest.xml:28:13-37
162            android:permission="android.permission.BIND_JOB_SERVICE" >
162-->[com.google.android.datatransport:transport-runtime:3.0.0] AndroidManifest.xml:29:13-69
163        </service>
164
165        <receiver
165-->[com.google.android.datatransport:transport-runtime:3.0.0] AndroidManifest.xml:32:9-34:40
166            android:name="com.google.android.datatransport.runtime.scheduling.jobscheduling.AlarmManagerSchedulerBroadcastReceiver"
166-->[com.google.android.datatransport:transport-runtime:3.0.0] AndroidManifest.xml:33:13-132
167            android:exported="false" />
167-->[com.google.android.datatransport:transport-runtime:3.0.0] AndroidManifest.xml:34:13-37
168
169        <provider
169-->[com.google.firebase:firebase-common:20.0.0] AndroidManifest.xml:26:9-31:39
170            android:name="com.google.firebase.provider.FirebaseInitProvider"
170-->[com.google.firebase:firebase-common:20.0.0] AndroidManifest.xml:27:13-77
171            android:authorities="com.pushnotifyone.firebaseinitprovider"
171-->[com.google.firebase:firebase-common:20.0.0] AndroidManifest.xml:28:13-72
172            android:directBootAware="true"
172-->[com.google.firebase:firebase-common:20.0.0] AndroidManifest.xml:29:13-43
173            android:exported="false"
173-->[com.google.firebase:firebase-common:20.0.0] AndroidManifest.xml:30:13-37
174            android:initOrder="100" />
174-->[com.google.firebase:firebase-common:20.0.0] AndroidManifest.xml:31:13-36
175
176        <activity
176-->[com.google.android.gms:play-services-auth:19.0.0] AndroidManifest.xml:23:9-27:75
177            android:name="com.google.android.gms.auth.api.signin.internal.SignInHubActivity"
177-->[com.google.android.gms:play-services-auth:19.0.0] AndroidManifest.xml:24:13-93
178            android:excludeFromRecents="true"
178-->[com.google.android.gms:play-services-auth:19.0.0] AndroidManifest.xml:25:13-46
179            android:exported="false"
179-->[com.google.android.gms:play-services-auth:19.0.0] AndroidManifest.xml:26:13-37
180            android:theme="@android:style/Theme.Translucent.NoTitleBar" />
180-->[com.google.android.gms:play-services-auth:19.0.0] AndroidManifest.xml:27:13-72
181        <!--
182            Service handling Google Sign-In user revocation. For apps that do not integrate with
183            Google Sign-In, this service will never be started.
184        -->
185        <service
185-->[com.google.android.gms:play-services-auth:19.0.0] AndroidManifest.xml:33:9-37:51
186            android:name="com.google.android.gms.auth.api.signin.RevocationBoundService"
186-->[com.google.android.gms:play-services-auth:19.0.0] AndroidManifest.xml:34:13-89
187            android:exported="true"
187-->[com.google.android.gms:play-services-auth:19.0.0] AndroidManifest.xml:35:13-36
188            android:permission="com.google.android.gms.auth.api.signin.permission.REVOCATION_NOTIFICATION"
188-->[com.google.android.gms:play-services-auth:19.0.0] AndroidManifest.xml:36:13-107
189            android:visibleToInstantApps="true" />
189-->[com.google.android.gms:play-services-auth:19.0.0] AndroidManifest.xml:37:13-48
190
191        <receiver
191-->[com.google.android.gms:play-services-measurement:19.0.0] AndroidManifest.xml:29:9-33:20
192            android:name="com.google.android.gms.measurement.AppMeasurementReceiver"
192-->[com.google.android.gms:play-services-measurement:19.0.0] AndroidManifest.xml:30:13-85
193            android:enabled="true"
193-->[com.google.android.gms:play-services-measurement:19.0.0] AndroidManifest.xml:31:13-35
194            android:exported="false" >
194-->[com.google.android.gms:play-services-measurement:19.0.0] AndroidManifest.xml:32:13-37
195        </receiver>
196
197        <service
197-->[com.google.android.gms:play-services-measurement:19.0.0] AndroidManifest.xml:35:9-38:40
198            android:name="com.google.android.gms.measurement.AppMeasurementService"
198-->[com.google.android.gms:play-services-measurement:19.0.0] AndroidManifest.xml:36:13-84
199            android:enabled="true"
199-->[com.google.android.gms:play-services-measurement:19.0.0] AndroidManifest.xml:37:13-35
200            android:exported="false" />
200-->[com.google.android.gms:play-services-measurement:19.0.0] AndroidManifest.xml:38:13-37
201        <service
201-->[com.google.android.gms:play-services-measurement:19.0.0] AndroidManifest.xml:39:9-43:72
202            android:name="com.google.android.gms.measurement.AppMeasurementJobService"
202-->[com.google.android.gms:play-services-measurement:19.0.0] AndroidManifest.xml:40:13-87
203            android:enabled="true"
203-->[com.google.android.gms:play-services-measurement:19.0.0] AndroidManifest.xml:41:13-35
204            android:exported="false"
204-->[com.google.android.gms:play-services-measurement:19.0.0] AndroidManifest.xml:42:13-37
205            android:permission="android.permission.BIND_JOB_SERVICE" />
205-->[com.google.android.gms:play-services-measurement:19.0.0] AndroidManifest.xml:43:13-69
206
207        <activity
207-->[com.google.android.gms:play-services-base:17.1.0] AndroidManifest.xml:23:9-26:75
208            android:name="com.google.android.gms.common.api.GoogleApiActivity"
208-->[com.google.android.gms:play-services-base:17.1.0] AndroidManifest.xml:24:13-79
209            android:exported="false"
209-->[com.google.android.gms:play-services-base:17.1.0] AndroidManifest.xml:25:13-37
210            android:theme="@android:style/Theme.Translucent.NoTitleBar" />
210-->[com.google.android.gms:play-services-base:17.1.0] AndroidManifest.xml:26:13-72
211
212        <meta-data
212-->[com.google.android.gms:play-services-basement:17.1.1] AndroidManifest.xml:23:9-25:69
213            android:name="com.google.android.gms.version"
213-->[com.google.android.gms:play-services-basement:17.1.1] AndroidManifest.xml:24:13-58
214            android:value="@integer/google_play_services_version" />
214-->[com.google.android.gms:play-services-basement:17.1.1] AndroidManifest.xml:25:13-66
215    </application>
216
217</manifest>